[    0.000000] Initializing cgroup subsys cpuset
[    0.000000] Initializing cgroup subsys cpu
[    0.000000] Initializing cgroup subsys cpuacct
[    0.000000] Linux version 4.4.0-77-generic (buildd@lgw01-59) (gcc version 5.4.0 20160609 (Ubuntu 5.4.0-6ubuntu1~16.04.4) ) #98-Ubuntu SMP Wed Apr 26 08:34:02 UTC 2017 (Ubuntu 4.4.0-77.98-generic 4.4.59)
[    0.000000] Command line: BOOT_IMAGE=/boot/vmlinuz-4.4.0-77-generic root=LABEL=cloudimg-rootfs ro console=tty1 console=ttyS0
[    0.000000] KERNEL supported cpus:
[    0.000000]   Intel GenuineIntel
[    0.000000]   AMD AuthenticAMD
[    0.000000]   Centaur CentaurHauls
[    0.000000] x86/fpu: xstate_offset[2]:  576, xstate_sizes[2]:  256
[    0.000000] x86/fpu: Supporting XSAVE feature 0x01: 'x87 floating point registers'
[    0.000000] x86/fpu: Supporting XSAVE feature 0x02: 'SSE registers'
[    0.000000] x86/fpu: Supporting XSAVE feature 0x04: 'AVX registers'
[    0.000000] x86/fpu: Enabled xstate features 0x7, context size is 832 bytes, using 'standard' format.
[    0.000000] x86/fpu: Using 'lazy' FPU context switches.
[    0.000000] e820: BIOS-provided physical RAM map:
[    0.000000] BIOS-e820: [mem 0x0000000000000000-0x000000000009fbff] usable
[    0.000000] BIOS-e820: [mem 0x000000000009fc00-0x000000000009ffff] reserved
[    0.000000] BIOS-e820: [mem 0x00000000000f0000-0x00000000000fffff] reserved
[    0.000000] BIOS-e820: [mem 0x0000000000100000-0x000000007ffeffff] usable
[    0.000000] BIOS-e820: [mem 0x000000007fff0000-0x000000007fffffff] ACPI data
[    0.000000] BIOS-e820: [mem 0x00000000fec00000-0x00000000fec00fff] reserved
[    0.000000] BIOS-e820: [mem 0x00000000fee00000-0x00000000fee00fff] reserved
[    0.000000] BIOS-e820: [mem 0x00000000fffc0000-0x00000000ffffffff] reserved
[    0.000000] NX (Execute Disable) protection: active
[    0.000000] SMBIOS 2.5 present.
[    0.000000] Hypervisor detected: KVM
[    0.000000] e820: last_pfn = 0x7fff0 max_arch_pfn = 0x400000000
[    0.000000] MTRR: Disabled
[    0.000000] x86/PAT: MTRRs disabled, skipping PAT initialization too.
[    0.000000] x86/PAT: Configuration [0-7]: WB  WT  UC- UC  WB  WT  UC- UC  
[    0.000000] CPU MTRRs all blank - virtualized system.
[    0.000000] found SMP MP-table at [mem 0x0009fff0-0x0009ffff] mapped at [ffff88000009fff0]
[    0.000000] Scanning 1 areas for low memory corruption
[    0.000000] RAMDISK: [mem 0x36aea000-0x3756cfff]
[    0.000000] ACPI: Early table checksum verification disabled
[    0.000000] ACPI: RSDP 0x00000000000E0000 000024 (v02 VBOX  )
[    0.000000] ACPI: XSDT 0x000000007FFF0030 00003C (v01 VBOX   VBOXXSDT 00000001 ASL  00000061)
[    0.000000] ACPI: FACP 0x000000007FFF00F0 0000F4 (v04 VBOX   VBOXFACP 00000001 ASL  00000061)
[    0.000000] ACPI: DSDT 0x000000007FFF0470 00210F (v01 VBOX   VBOXBIOS 00000002 INTL 20100528)
[    0.000000] ACPI: FACS 0x000000007FFF0200 000040
[    0.000000] ACPI: FACS 0x000000007FFF0200 000040
[    0.000000] ACPI: APIC 0x000000007FFF0240 00005C (v02 VBOX   VBOXAPIC 00000001 ASL  00000061)
[    0.000000] ACPI: SSDT 0x000000007FFF02A0 0001CC (v01 VBOX   VBOXCPUT 00000002 INTL 20100528)
[    0.000000] No NUMA configuration found
[    0.000000] Faking a node at [mem 0x0000000000000000-0x000000007ffeffff]
[    0.000000] NODE_DATA(0) allocated [mem 0x7ffeb000-0x7ffeffff]
[    0.000000] kvm-clock: Using msrs 4b564d01 and 4b564d00
[    0.000000] kvm-clock: cpu 0, msr 0:7ffe3001, primary cpu clock
[    0.000000] kvm-clock: using sched offset of 3793779412 cycles
[    0.000000] clocksource: kvm-clock: mask: 0xffffffffffffffff max_cycles: 0x1cd42e4dffb, max_idle_ns: 881590591483 ns
[    0.000000] Zone ranges:
[    0.000000]   DMA      [mem 0x0000000000001000-0x0000000000ffffff]
[    0.000000]   DMA32    [mem 0x0000000001000000-0x000000007ffeffff]
[    0.000000]   Normal   empty
[    0.000000]   Device   empty
[    0.000000] Movable zone start for each node
[    0.000000] Early memory node ranges
[    0.000000]   node   0: [mem 0x0000000000001000-0x000000000009efff]
[    0.000000]   node   0: [mem 0x0000000000100000-0x000000007ffeffff]
[    0.000000] Initmem setup node 0 [mem 0x0000000000001000-0x000000007ffeffff]
[    0.000000] ACPI: PM-Timer IO Port: 0x4008
[    0.000000] IOAPIC[0]: apic_id 2, version 32, address 0xfec00000, GSI 0-23
[    0.000000] ACPI: INT_SRC_OVR (bus 0 bus_irq 0 global_irq 2 dfl dfl)
[    0.000000] ACPI: INT_SRC_OVR (bus 0 bus_irq 9 global_irq 9 high level)
[    0.000000] Using ACPI (MADT) for SMP configuration information
[    0.000000] smpboot: Allowing 2 CPUs, 0 hotplug CPUs
[    0.000000] PM: Registered nosave memory: [mem 0x00000000-0x00000fff]
[    0.000000] PM: Registered nosave memory: [mem 0x0009f000-0x0009ffff]
[    0.000000] PM: Registered nosave memory: [mem 0x000a0000-0x000effff]
[    0.000000] PM: Registered nosave memory: [mem 0x000f0000-0x000fffff]
[    0.000000] e820: [mem 0x80000000-0xfebfffff] available for PCI devices
[    0.000000] Booting paravirtualized kernel on KVM
[    0.000000] clocksource: refined-jiffies: mask: 0xffffffff max_cycles: 0xffffffff, max_idle_ns: 7645519600211568 ns
[    0.000000] setup_percpu: NR_CPUS:512 nr_cpumask_bits:512 nr_cpu_ids:2 nr_node_ids:1
[    0.000000] PERCPU: Embedded 33 pages/cpu @ffff88007fc00000 s98264 r8192 d28712 u1048576
[    0.000000] PV qspinlock hash table entries: 256 (order: 0, 4096 bytes)
[    0.000000] Built 1 zonelists in Node order, mobility grouping on.  Total pages: 515961
[    0.000000] Policy zone: DMA32
[    0.000000] Kernel command line: BOOT_IMAGE=/boot/vmlinuz-4.4.0-77-generic root=LABEL=cloudimg-rootfs ro console=tty1 console=ttyS0
[    0.000000] PID hash table entries: 4096 (order: 3, 32768 bytes)
[    0.000000] Memory: 2034008K/2096696K available (8449K kernel code, 1294K rwdata, 3980K rodata, 1484K init, 1316K bss, 62688K reserved, 0K cma-reserved)
[    0.000000] SLUB: HWalign=64, Order=0-3, MinObjects=0, CPUs=2, Nodes=1
[    0.000000] Hierarchical RCU implementation.
[    0.000000] 	Build-time adjustment of leaf fanout to 64.
[    0.000000] 	RCU restricting CPUs from NR_CPUS=512 to nr_cpu_ids=2.
[    0.000000] RCU: Adjusting geometry for rcu_fanout_leaf=64, nr_cpu_ids=2
[    0.000000] NR_IRQS:33024 nr_irqs:440 16
[    0.000000] Console: colour VGA+ 80x25
[    0.000000] console [tty1] enabled
[    0.000000] console [ttyS0] enabled
[    0.000000] tsc: Detected 2793.536 MHz processor
[    8.894339] Calibrating delay loop (skipped) preset value.. 5587.07 BogoMIPS (lpj=11174144)
[    8.916660] pid_max: default: 32768 minimum: 301
[    8.917305] ACPI: Core revision 20150930
[    8.918664] ACPI: 2 ACPI AML tables successfully acquired and loaded
[    8.940690] Security Framework initialized
[    8.948058] Yama: becoming mindful.
[    8.948653] AppArmor: AppArmor initialized
[    8.950241] Dentry cache hash table entries: 262144 (order: 9, 2097152 bytes)
[    9.106584] Inode-cache hash table entries: 131072 (order: 8, 1048576 bytes)
[    9.294507] Mount-cache hash table entries: 4096 (order: 3, 32768 bytes)
[    9.410079] Mountpoint-cache hash table entries: 4096 (order: 3, 32768 bytes)
[    9.411933] Initializing cgroup subsys io
[    9.412545] Initializing cgroup subsys memory
[    9.413162] Initializing cgroup subsys devices
[    9.414827] Initializing cgroup subsys freezer
[    9.524337] Initializing cgroup subsys net_cls
[    9.584498] Initializing cgroup subsys perf_event
[    9.670382] Initializing cgroup subsys net_prio
[    9.788377] Initializing cgroup subsys hugetlb
[    9.872857] Initializing cgroup subsys pids
[    9.956516] CPU: Physical Processor ID: 0
[    9.990484] CPU: Processor Core ID: 0
[    9.999357] mce: CPU supports 0 MCE banks
[   10.008661] Last level iTLB entries: 4KB 1024, 2MB 1024, 4MB 1024
[   10.009476] Last level dTLB entries: 4KB 1024, 2MB 1024, 4MB 1024, 1GB 4
[   10.156004] Freeing SMP alternatives memory: 32K (ffffffff820b8000 - ffffffff820c0000)
[   10.254535] ftrace: allocating 32117 entries in 126 pages
[   10.416461] smpboot: APIC(0) Converting physical 0 to logical package 0
[   10.583512] smpboot: Max logical packages: 1
[   10.687165] x2apic enabled
[   10.730682] Switched APIC routing to physical x2apic.
[   10.732284] ..TIMER: vector=0x30 apic1=0 pin1=2 apic2=-1 pin2=-1
[   10.840707] smpboot: CPU0: Intel(R) Core(TM) i7-4900MQ CPU @ 2.80GHz (family: 0x6, model: 0x3c, stepping: 0x3)
[   10.999111] Performance Events: unsupported p6 CPU model 60 no PMU driver, software events only.
[   11.042153] KVM setup paravirtual spinlock
[   11.144642] x86: Booting SMP configuration:
[   11.254576] .... node  #0, CPUs:      #1
[   11.348462] kvm-clock: cpu 1, msr 0:7ffe3041, secondary cpu clock
[   11.377400] mce: CPU supports 0 MCE banks
[   11.379758] x86: Booted up 1 node, 2 CPUs
[   11.448750] smpboot: Total of 2 processors activated (11174.14 BogoMIPS)
[   11.595940] devtmpfs: initialized
[   11.621077] evm: security.selinux
[   11.675055] evm: security.SMACK64
[   11.716645] evm: security.SMACK64EXEC
[   11.717207] evm: security.SMACK64TRANSMUTE
[   11.717797] evm: security.SMACK64MMAP
[   11.718363] evm: security.ima
[   11.783084] evm: security.capability
[   11.888879] clocksource: jiffies: mask: 0xffffffff max_cycles: 0xffffffff, max_idle_ns: 7645041785100000 ns
[   12.051542] futex hash table entries: 512 (order: 3, 32768 bytes)
[   12.059450] pinctrl core: initialized pinctrl subsystem
[   12.074950] RTC time: 17:57:01, date: 05/07/17
[   12.186282] NET: Registered protocol family 16
[   12.289435] cpuidle: using governor ladder
[   12.353429] cpuidle: using governor menu
[   12.469197] PCCT header not found.
[   12.559790] ACPI: bus type PCI registered
[   12.635761] acpiphp: ACPI Hot Plug PCI Controller Driver version: 0.5
[   12.636680] PCI: Using configuration type 1 for base access
[   12.651425] ACPI: Added _OSI(Module Device)
[   12.731820] ACPI: Added _OSI(Processor Device)
[   12.732444] ACPI: Added _OSI(3.0 _SCP Extensions)
[   12.733086] ACPI: Added _OSI(Processor Aggregator Device)
[   12.734381] ACPI: Executed 1 blocks of module-level executable AML code
[   12.737516] ACPI: Interpreter enabled
[   12.738076] ACPI: (supports S0 S5)
[   12.738646] ACPI: Using IOAPIC for interrupt routing
[   12.739491] PCI: Using host bridge windows from ACPI; if necessary, use "pci=nocrs" and report a bug
[   12.769812] ACPI: PCI Root Bridge [PCI0] (domain 0000 [bus 00-ff])
[   12.784605] acpi PNP0A03:00: _OSC: OS supports [ASPM ClockPM Segments MSI]
[   12.785469] acpi PNP0A03:00: _OSC failed (AE_NOT_FOUND); disabling ASPM
[   12.786300] acpi PNP0A03:00: fail to add MMCONFIG information, can't access extended PCI configuration space under this bridge.
[   12.787989] PCI host bridge to bus 0000:00
[   12.822831] pci_bus 0000:00: root bus resource [io  0x0000-0x0cf7 window]
[   12.823680] pci_bus 0000:00: root bus resource [io  0x0d00-0xffff window]
[   12.824535] pci_bus 0000:00: root bus resource [mem 0x000a0000-0x000bffff window]
[   12.825599] pci_bus 0000:00: root bus resource [mem 0x80000000-0xffdfffff window]
[   12.826676] pci_bus 0000:00: root bus resource [bus 00-ff]
[   12.828720] pci 0000:00:01.1: legacy IDE quirk: reg 0x10: [io  0x01f0-0x01f7]
[   12.853215] pci 0000:00:01.1: legacy IDE quirk: reg 0x14: [io  0x03f6]
[   12.916918] pci 0000:00:01.1: legacy IDE quirk: reg 0x18: [io  0x0170-0x0177]
[   12.917806] pci 0000:00:01.1: legacy IDE quirk: reg 0x1c: [io  0x0376]
[   12.978719] pci 0000:00:07.0: quirk: [io  0x4000-0x403f] claimed by PIIX4 ACPI
[   13.015833] pci 0000:00:07.0: quirk: [io  0x4100-0x410f] claimed by PIIX4 SMB
[   13.023578] ACPI: PCI Interrupt Link [LNKA] (IRQs 5 9 10 *11)
[   13.039690] ACPI: PCI Interrupt Link [LNKB] (IRQs 5 9 10 *11)
[   13.113887] ACPI: PCI Interrupt Link [LNKC] (IRQs 5 9 *10 11)
[   13.125415] ACPI: PCI Interrupt Link [LNKD] (IRQs 5 *9 10 11)
[   13.227941] ACPI: Enabled 2 GPEs in block 00 to 07
[   13.309934] vgaarb: setting as boot device: PCI:0000:00:02.0
[   13.411543] vgaarb: device added: PCI:0000:00:02.0,decodes=io+mem,owns=io+mem,locks=none
[   13.412725] vgaarb: loaded
[   13.413198] vgaarb: bridge control possible 0000:00:02.0
[   13.423242] SCSI subsystem initialized
[   13.423930] ACPI: bus type USB registered
[   13.424553] usbcore: registered new interface driver usbfs
[   13.425281] usbcore: registered new interface driver hub
[   13.554364] usbcore: registered new device driver usb
[   13.618105] PCI: Using ACPI for IRQ routing
[   13.643257] NetLabel: Initializing
[   13.644839] NetLabel:  domain hash size = 128
[   13.744344] NetLabel:  protocols = UNLABELED CIPSOv4
[   13.882379] NetLabel:  unlabeled traffic allowed by default
[   13.883264] amd_nb: Cannot enumerate AMD northbridges
[   13.883985] clocksource: Switched to clocksource kvm-clock
[   13.891169] AppArmor: AppArmor Filesystem Enabled
[   14.029470] pnp: PnP ACPI init
[   14.100501] pnp: PnP ACPI: found 3 devices
[   14.221974] clocksource: acpi_pm: mask: 0xffffff max_cycles: 0xffffff, max_idle_ns: 2085701024 ns
[   14.453254] NET: Registered protocol family 2
[   14.590633] TCP established hash table entries: 16384 (order: 5, 131072 bytes)
[   14.785722] TCP bind hash table entries: 16384 (order: 6, 262144 bytes)
[   14.938093] TCP: Hash tables configured (established 16384 bind 16384)
[   15.057804] UDP hash table entries: 1024 (order: 3, 32768 bytes)
[   15.086053] UDP-Lite hash table entries: 1024 (order: 3, 32768 bytes)
[   15.086922] NET: Registered protocol family 1
[   15.113519] pci 0000:00:00.0: Limiting direct PCI/PCI transfers
[   15.197657] pci 0000:00:01.0: Activating ISA DMA hang workarounds
[   15.228414] Unpacking initramfs...
[   16.654610] Freeing initrd memory: 10764K (ffff880036aea000 - ffff88003756d000)
[   16.664493] RAPL PMU detected, API unit is 2^-32 Joules, 4 fixed counters 10737418240 ms ovfl timer
[   16.665719] hw unit of domain pp0-core 2^-0 Joules
[   16.666375] hw unit of domain package 2^-0 Joules
[   16.667021] hw unit of domain dram 2^-0 Joules
[   16.667660] hw unit of domain pp1-gpu 2^-0 Joules
[   16.668403] platform rtc_cmos: registered platform RTC device (no PNP device found)
[   16.669592] Scanning for low memory corruption every 60 seconds
[   16.670676] audit: initializing netlink subsys (disabled)
[   16.764652] audit: type=2000 audit(1494179818.877:1): initialized
[   16.937530] Initialise system trusted keyring
[   17.000822] HugeTLB registered 2 MB page size, pre-allocated 0 pages
[   17.180430] zbud: loaded
[   17.196984] VFS: Disk quotas dquot_6.6.0
[   17.308445] VFS: Dquot-cache hash table entries: 512 (order 0, 4096 bytes)
[   17.327060] squashfs: version 4.0 (2009/01/31) Phillip Lougher
[   17.500687] fuse init (API version 7.23)
[   17.622463] Key type big_key registered
[   17.672015] tsc: Refined TSC clocksource calibration: 2792.923 MHz
[   17.672806] clocksource: tsc: mask: 0xffffffffffffffff max_cycles: 0x284223129d3, max_idle_ns: 440795211039 ns
[   17.674139] Allocating IMA MOK and blacklist keyrings.
[   17.675756] Key type asymmetric registered
[   17.676369] Asymmetric key parser 'x509' registered
[   17.677116] Block layer SCSI generic (bsg) driver version 0.4 loaded (major 249)
[   17.685198] io scheduler noop registered
[   17.693569] io scheduler deadline registered (default)
[   17.694291] io scheduler cfq registered
[   17.709405] pci_hotplug: PCI Hot Plug PCI Core version: 0.5
[   17.866933] pciehp: PCI Express Hot Plug Controller Driver version: 0.4
[   17.896465] ACPI: AC Adapter [AC] (on-line)
[   17.897125] input: Power Button as /devices/LNXSYSTM:00/LNXPWRBN:00/input/input0
[   17.993174] ACPI: Power Button [PWRF]
[   18.108476] input: Sleep Button as /devices/LNXSYSTM:00/LNXSLPBN:00/input/input1
[   18.327669] ACPI: Sleep Button [SLPF]
[   18.373133] GHES: HEST is not enabled!
[   18.375886] ACPI: Battery Slot [BAT0] (battery present)
[   18.428082] Serial: 8250/16550 driver, 32 ports, IRQ sharing enabled
[   18.462493] 00:02: ttyS0 at I/O 0x3f8 (irq = 4, base_baud = 115200) is a 16550A
[   18.671176] Linux agpgart interface v0.103
[   18.682725] loop: module loaded
[   18.683650] scsi host0: ata_piix
[   18.684276] scsi host1: ata_piix
[   18.735572] ata1: PATA max UDMA/33 cmd 0x1f0 ctl 0x3f6 bmdma 0xd000 irq 14
[   18.866095] ata2: PATA max UDMA/33 cmd 0x170 ctl 0x376 bmdma 0xd008 irq 15
[   18.867438] libphy: Fixed MDIO Bus: probed
[   18.868064] tun: Universal TUN/TAP device driver, 1.6
[   18.868841] tun: (C) 1999-2004 Max Krasnyansky <maxk@qualcomm.com>
[   18.869708] PPP generic driver version 2.4.2
[   18.931188] ehci_hcd: USB 2.0 'Enhanced' Host Controller (EHCI) Driver
[   18.932028] ehci-pci: EHCI PCI platform driver
[   18.941164] ehci-platform: EHCI generic platform driver
[   18.941882] ohci_hcd: USB 1.1 'Open' Host Controller (OHCI) Driver
[   18.948348] ohci-pci: OHCI PCI platform driver
[   19.000768] ohci-platform: OHCI generic platform driver
[   19.034911] uhci_hcd: USB Universal Host Controller Interface driver
[   19.037060] i8042: PNP: PS/2 Controller [PNP0303:PS2K,PNP0f03:PS2M] at 0x60,0x64 irq 1,12
[   19.038698] serio: i8042 KBD port at 0x60,0x64 irq 1
[   19.039423] serio: i8042 AUX port at 0x60,0x64 irq 12
[   19.040227] mousedev: PS/2 mouse device common for all mice
[   19.041341] rtc_cmos rtc_cmos: rtc core: registered rtc_cmos as rtc0
[   19.042251] input: AT Translated Set 2 keyboard as /devices/platform/i8042/serio0/input/input2
[   19.043465] rtc_cmos rtc_cmos: alarms up to one day, 114 bytes nvram
[   19.044457] i2c /dev entries driver
[   19.045067] device-mapper: uevent: version 1.0.3
[   19.045765] device-mapper: ioctl: 4.34.0-ioctl (2015-10-28) initialised: dm-devel@redhat.com
[   19.046958] ledtrig-cpu: registered to indicate activity on CPUs
[   19.048083] NET: Registered protocol family 10
[   19.048964] NET: Registered protocol family 17
[   19.169559] Key type dns_resolver registered
[   19.286226] microcode: CPU0 sig=0x306c3, pf=0x40, revision=0x0
[   19.288497] microcode: CPU1 sig=0x306c3, pf=0x40, revision=0x0
[   19.297972] microcode: Microcode Update Driver: v2.01 <tigran@aivazian.fsnet.co.uk>, Peter Oruba
[   19.299359] registered taskstats version 1
[   19.306256] Loading compiled-in X.509 certificates
[   19.307434] Loaded X.509 cert 'Build time autogenerated kernel key: 60562572960efd370424d983abb028749c4780ed'
[   19.394413] zswap: loaded using pool lzo/zbud
[   19.425069] Key type trusted registered
[   19.436559] Key type encrypted registered
[   19.537600] AppArmor: AppArmor sha1 policy hashing enabled
[   19.538366] ima: No TPM chip found, activating TPM-bypass!
[   19.564129] evm: HMAC attrs: 0x1
[   19.564998]   Magic number: 1:764:996
[   19.565651] rtc_cmos rtc_cmos: setting system clock to 2017-05-07 17:57:09 UTC (1494179829)
[   19.566952] BIOS EDD facility v0.16 2004-Jun-25, 0 devices found
[   19.567744] EDD information not available.
[   19.569453] Freeing unused kernel memory: 1484K (ffffffff81f45000 - ffffffff820b8000)
[   19.571826] Write protecting the kernel read-only data: 14336k
[   19.586488] Freeing unused kernel memory: 1780K (ffff880001843000 - ffff880001a00000)
[   19.688392] Freeing unused kernel memory: 116K (ffff880001de3000 - ffff880001e00000)
Loading, please wait...
starting version[   19.698022] random: systemd-udevd: uninitialized urandom read (16 bytes read, 2 bits of entropy available)
 229
[   19.698538] random: udevadm: uninitialized urandom read (16 bytes read, 2 bits of entropy available)
[   19.698565] random: udevadm: uninitialized urandom read (16 bytes read, 2 bits of entropy available)
[   19.698650] random: udevadm: uninitialized urandom read (16 bytes read, 2 bits of entropy available)
[   19.698681] random: udevadm: uninitialized urandom read (16 bytes read, 2 bits of entropy available)
[   19.698713] random: udevadm: uninitialized urandom read (16 bytes read, 2 bits of entropy available)
[   19.698743] random: udevadm: uninitialized urandom read (16 bytes read, 2 bits of entropy available)
[   19.698790] random: udevadm: uninitialized urandom read (16 bytes read, 2 bits of entropy available)
[   19.698822] random: udevadm: uninitialized urandom read (16 bytes read, 2 bits of entropy available)
[   19.698849] random: udevadm: uninitialized urandom read (16 bytes read, 2 bits of entropy available)
[   20.535338] e1000: Intel(R) PRO/1000 Network Driver - version 7.3.21-k8-NAPI
[   20.655418] e1000: Copyright (c) 1999-2006 Intel Corporation.
[   20.738281] Fusion MPT base driver 3.04.20
[   20.829269] Copyright (c) 1999-2008 LSI Corporation
[   20.939058] AVX version of gcm_enc/dec engaged.
[   20.956014] AES CTR mode by8 optimization enabled
[   20.962173] Fusion MPT SPI Host driver 3.04.20
[   21.157554] input: ImExPS/2 Generic Explorer Mouse as /devices/platform/i8042/serio1/input/input4
[   21.339074] e1000 0000:00:03.0 eth0: (PCI:33MHz:32-bit) 02:70:ae:be:ac:28
[   21.404636] e1000 0000:00:03.0 eth0: Intel(R) PRO/1000 Network Connection
[   21.458675] e1000 0000:00:03.0 enp0s3: renamed from eth0
[   21.470344] mptbase: ioc0: Initiating bringup
[   21.544710] ioc0: LSI53C1030 A0: Capabilities={Initiator}
[   21.793431] scsi host2: ioc0: LSI53C1030 A0, FwRev=00000000h, Ports=1, MaxQ=256, IRQ=20
[   21.956610] scsi 2:0:0:0: Direct-Access     VBOX     HARDDISK         1.0  PQ: 0 ANSI: 5
[   22.005734] scsi target2:0:0: Beginning Domain Validation
[   22.112002] scsi target2:0:0: Domain Validation skipping write tests
[   22.112823] scsi target2:0:0: Ending Domain Validation
[   22.115567] scsi target2:0:0: asynchronous
[   22.118162] scsi 2:0:1:0: Direct-Access     VBOX     HARDDISK         1.0  PQ: 0 ANSI: 5
[   22.122930] scsi target2:0:1: Beginning Domain Validation
[   22.124535] scsi target2:0:1: Domain Validation skipping write tests
[   22.125355] scsi target2:0:1: Ending Domain Validation
[   22.149956] scsi target2:0:1: asynchronous
[   22.156917] sd 2:0:0:0: Attached scsi generic sg0 type 0
[   22.156984] sd 2:0:0:0: [sda] 20971520 512-byte logical blocks: (10.7 GB/10.0 GiB)
[   22.157067] sd 2:0:0:0: [sda] Write Protect is off
[   22.157113] sd 2:0:0:0: [sda] Incomplete mode parameter data
[   22.157114] sd 2:0:0:0: [sda] Assuming drive cache: write through
[   22.163242]  sda: sda1
[   22.163795] sd 2:0:0:0: [sda] Attached SCSI disk
[   22.178752] sd 2:0:1:0: Attached scsi generic sg1 type 0
[   22.178858] sd 2:0:1:0: [sdb] 20480 512-byte logical blocks: (10.5 MB/10.0 MiB)
[   22.179036] sd 2:0:1:0: [sdb] Write Protect is off
[   22.179158] sd 2:0:1:0: [sdb] Incomplete mode parameter data
[   22.179159] sd 2:0:1:0: [sdb] Assuming drive cache: write through
[   22.181052] sd 2:0:1:0: [sdb] Attached SCSI disk
[   24.064971] floppy0: no floppy controllers found
[   24.204209] work still pending
Begin: Loading e[   25.531826] md: linear personality registered for level -1
ssential drivers[   25.693079] md: multipath personality registered for level -4
 ... [   25.695656] md: raid0 personality registered for level 0
[   25.742462] md: raid1 personality registered for level 1
[   25.952069] raid6: sse2x1   gen() 10961 MB/s
[   26.148104] raid6: sse2x1   xor()  8612 MB/s
[   26.352122] raid6: sse2x2   gen() 13984 MB/s
[   26.556153] raid6: sse2x2   xor()  9379 MB/s
[   26.684147] raid6: sse2x4   gen() 16013 MB/s
[   26.772172] raid6: sse2x4   xor() 10898 MB/s
[   26.784769] raid6: using algorithm sse2x4 gen() 16013 MB/s
[   26.785508] raid6: .... xor() 10898 MB/s, rmw enabled
[   26.786197] raid6: using ssse3x2 recovery algorithm
[   26.788172] xor: automatically using best checksumming function:
[   26.884176]    avx       : 22281.000 MB/sec
[   27.005174] async_tx: api initialized (async)
[   27.029546] md: raid6 personality registered for level 6
[   27.180457] md: raid5 personality registered for level 5
[   27.204323] md: raid4 personality registered for level 4
[   27.211007] md: raid10 personality registered for level 10
done.
Begin: Running /scripts/init-premount ... done.
Begin: Mounting root file system ... Begin: Running /scripts/local-top ... done.
Begin: Running /scripts/local-premount ... [   27.272497] Btrfs loaded
Scanning for Btrfs filesystems
done.
Warning: fsck not present, so skipping root file[   27.383633] EXT4-fs (sda1): mounted filesystem with ordered data mode. Opts: (null)
 system
done.
Begin: Running /scripts/local-bottom ... done.
Begin: Running /scripts/init-bottom ... done.
[   27.723894] systemd[1]: systemd 229 running in system mode. (+PAM +AUDIT +SELINUX +IMA +APPARMOR +SMACK +SYSVINIT +UTMP +LIBCRYPTSETUP +GCRYPT +GNUTLS +ACL +XZ -LZ4 +SECCOMP +BLKID +ELFUTILS +KMOD -IDN)
[   27.796404] systemd[1]: Detected virtualization oracle.
[   27.907687] systemd[1]: Detected architecture x86-64.

Welcome to [1mUbuntu 16.04.2 LTS[0m!

[   28.030452] systemd[1]: Set hostname to <ubuntu>.
[   28.165275] systemd[1]: Initializing machine ID from random generator.
[   28.337793] systemd[1]: Installed transient /etc/machine-id file.
[   28.559490] systemd[1]: Reached target User and Group Name Lookups.
[[0;32m  OK  [0m] Reached target User and Group Name Lookups.
[   28.722951] systemd[1]: Listening on Journal Socket (/dev/log).
[[0;32m  OK  [0m] Listening on Journal Socket (/dev/log).
[   28.724528] systemd[1]: Set up automount Arbitrary Executable File Formats File System Automount Point.
[[0;32m  OK  [0m] Set up automount Arbitrary Executab...ats File System Automount Point.
[   28.728249] systemd[1]: Listening on udev Kernel Socket.
[[0;32m  OK  [0m] Listening on udev Kernel Socket.
[   28.768655] systemd[1]: Listening on Device-mapper event daemon FIFOs.
[[0;32m  OK  [0m] Listening on Device-mapper event daemon FIFOs.
[   28.830491] systemd[1]: Started Trigger resolvconf update for networkd DNS.
[[0;32m  OK  [0m] Started Trigger resolvconf update for networkd DNS.
[   28.832180] systemd[1]: Started Forward Password Requests to Wall Directory Watch.
[[0;32m  OK  [0m] Started Forward Password Requests to Wall Directory Watch.
[   28.856618] systemd[1]: Reached target Encrypted Volumes.
[[0;32m  OK  [0m] Reached target Encrypted Volumes.
[   28.928676] systemd[1]: Listening on /dev/initctl Compatibility Named Pipe.
[[0;32m  OK  [0m] Listening on /dev/initctl Compatibility Named Pipe.
[   29.056625] systemd[1]: Listening on udev Control Socket.
[[0;32m  OK  [0m] Listening on udev Control Socket.
[   29.132725] systemd[1]: Listening on Journal Audit Socket.
[[0;32m  OK  [0m] Listening on Journal Audit Socket.
[   29.348759] systemd[1]: Listening on Journal Socket.
[[0;32m  OK  [0m] Listening on Journal Socket.
[   29.540203] systemd[1]: Reached target Swap.
[[0;32m  OK  [0m] Reached target Swap.
[   29.576892] systemd[1]: Created slice System Slice.
[[0;32m  OK  [0m] Created slice System Slice.
[   29.750470] systemd[1]: Created slice system-serial\x2dgetty.slice.
[[0;32m  OK  [0m] Created slice system-serial\x2dgetty.slice.
[   29.812219] systemd[1]: Starting Remount Root and Kernel File Systems...
[   29.820564] EXT4-fs (sda1): re-mounted. Opts: (null)
         Starting Remount Root and Kernel File Systems...
[   29.852163] systemd[1]: Starting Load Kernel Modules...
[   29.892801] Loading iSCSI transport class v2.0-870.
         Starting Load Kernel Mo[   29.909800] iscsi: registered transport (tcp)
dules...
[   30.030302] iscsi: registered transport (iser)
[   30.032160] systemd[1]: Mounting Huge Pages File System...
         Mounting Huge Pages File System...
[   30.068934] systemd[1]: Starting Set console keymap...
         Starting Set console ke[   30.070230] random: nonblocking pool is initialized
ymap...
[   30.140460] systemd[1]: Mounting Debug File System...
         Mounting Debug File System...
[   30.248199] systemd[1]: Mounting POSIX Message Queue File System...
         Mounting POSIX Message Queue File System...
[   30.392612] systemd[1]: Listening on LVM2 poll daemon socket.
[[0;32m  OK  [0m] Listening on LVM2 poll daemon socket.
[   30.394361] systemd[1]: Listening on LVM2 metadata daemon socket.
[[0;32m  OK  [0m] Listening on LVM2 metadata daemon socket.
[   30.508325] systemd[1]: Starting Monitoring of LVM2 mirrors, snapshots etc. using dmeventd or progress polling...
         Starting Monitoring of LVM2 mirrors... dmeventd or progress polling...
[   30.767769] systemd[1]: Starting Create list of required static device nodes for the current kernel...
         Starting Create list of required st... nodes for the current kernel...
[   31.016438] systemd[1]: Listening on Syslog Socket.
[[0;32m  OK  [0m] Listening on Syslog Socket.
[   31.240416] systemd[1]: Starting Journal Service...
         Starting Journal Service...
[   31.416490] systemd[1]: Starting Nameserver information manager...
         Starting Nameserver information manager...
[   31.660434] systemd[1]: Starting Uncomplicated firewall...
         Starting Uncomplicated firewall...
[   31.793880] systemd[1]: Created slice User and Session Slice.
[[0;32m  OK  [0m] Created slice User and Session Slice.
[   31.852532] systemd[1]: Reached target Slices.
[[0;32m  OK  [0m] Reached target Slices.
[   32.010551] systemd[1]: Mounted Huge Pages File System.
[[0;32m  OK  [0m] Mounted Huge Pages File System.
[   32.186099] systemd[1]: Mounted Debug File System.
[[0;32m  OK  [0m] Mounted Debug File System.
[   32.197607] systemd[1]: Mounted POSIX Message Queue File System.
[[0;32m  OK  [0m] Mounted POSIX Message Queue File System.
[   32.364650] systemd[1]: Started Journal Service.
[[0;32m  OK  [0m] Started Journal Service.
[[0;32m  OK  [0m] Started Remount Root and Kernel File Systems.
[[0;32m  OK  [0m] Started Load Kernel Modules.
[[0;32m  OK  [0m] Started Set console keymap.
[[0;32m  OK  [0m] Started Create list of required sta...ce nodes for the current kernel.
[[0;32m  OK  [0m] Started Uncomplicated firewall.
[[0;32m  OK  [0m] Started Nameserver information manager.
[[0;32m  OK  [0m] Started LVM2 metadata daemon.
         Starting Create Static Device Nodes in /dev...
         Mounting FUSE Control File System...
         Starting Apply Kernel Variables...
         Starting Initial cloud-init job (pre-networking)...
         Starting Load/Save Random Seed...
         Starting udev Coldplug all Devices...
         Starting Flush Journal to Persistent Storage...
[[0;32m  OK  [0m] Mounted FUSE Control File System.
[[0;32m  OK  [0m] Started Create Static Device Nodes in /dev.
[[0;32m  OK  [0m] Started Apply Kernel Variables.
[[0;32m  OK  [0m] Started Load/Save Random Seed.
[[0;32m  OK  [0m] Started udev Coldplug all Devices.
         Starting udev Kernel Device Manager...
[[0;32m  OK  [0m] Started Flush Journal to Persistent Storage.
[[0;32m  OK  [0m] Started udev Kernel Device Manager.
[[0;32m  OK  [0m] Started Dispatch Password Requests to Console Directory Watch.
[[0;32m  OK  [0m] Found device /dev/ttyS0.
[[0;32m  OK  [0m] Started Monitoring of LVM2 mirrors,...ng dmeventd or progress polling.
[[0;32m  OK  [0m] Reached target Local File Systems (Pre).
[[0;32m  OK  [0m] Reached target Local File Systems.
         Starting Tell Plymouth To Write Out Runtime Data...
         Starting Create Volatile Files and Directories...
         Starting Set console font and keymap...
         Starting LSB: AppArmor initialization...
         Starting Commit a transient machine-id on disk...
[[0;32m  OK  [0m] Started Tell Plymouth To Write Out Runtime Data.
[[0;32m  OK  [0m] Started Create Volatile Files and Directories.
[[0;32m  OK  [0m] Reached target System Time Synchronized.
         Starting Update UTMP about System Boot/Shutdown...
[[0;32m  OK  [0m] Started Commit a transient machine-id on disk.
[[0;32m  OK  [0m] Started Update UTMP about System Boot/Shutdown.
[[0;32m  OK  [0m] Listening on Load/Save RF Kill Switch Status /dev/rfkill Watch.
[   20.541277] cloud-init[446]: Cloud-init v. 0.7.9 running 'init-local' at Sun, 07 May 2017 17:57:23 +0000. Up 20.16 seconds.
[[0;32m  OK  [0m] Started Initial cloud-init job (pre-networking).
[[0;32m  OK  [0m] Started LSB: AppArmor initialization.
[[0;32m  OK  [0m] Reached target Network (Pre).
         Starting Raise network interfaces...
[[0;32m  OK  [0m] Started Set console font and keymap.
[[0;32m  OK  [0m] Created slice system-getty.slice.
[[0;32m  OK  [0m] Started Raise network interfaces.
         Starting Initial cloud-init job (metadata service crawler)...
[[0;32m  OK  [0m] Reached target Network.
[   23.942965] cloud-init[931]: Cloud-init v. 0.7.9 running 'init' at Sun, 07 May 2017 17:57:26 +0000. Up 23.35 seconds.
[[0;32m  OK  [0m] Started Initial cloud-init job (metadata service crawler).
[[0;32m  OK  [0m] Reached target Cloud-config availability.
[[0;32m  OK  [0m] Reached target System Initialization.
[[0;32m  OK  [0m] Listening on D-Bus System Message Bus Socket.
[   24.038624] cloud-init[931]: ci-info: +++++++++++++++++++++++++++++++++++++Net device info++++++++++++++++++++++++++++++++++++++
[   24.356432] cloud-init[931]: ci-info: +--------+------+----------------------------+---------------+-------+-------------------+
[   24.357620] cloud-init[931]: ci-info: | Device |  Up  |          Address           |      Mask     | Scope |     Hw-Address    |
[   24.358798] cloud-init[931]: ci-info: +--------+------+----------------------------+---------------+-------+-------------------+
[   24.373074] cloud-init[931]: ci-info: |   lo   | True |         127.0.0.1          |   255.0.0.0   |   .   |         .         |
[   24.376134] [cloud-init[0;32m  OK  [0m[931]: ] ci-info: |   lo   | True |          ::1/128           |       .       |  host |         .         |Listening on UUID daemon activation socket.

[   24.376436] cloud-init[931]: ci-info: | enp0s3 | True |         10.0.2.15          | 255.255.255.0 |   .   | 02:70:ae:be:ac:28 |
[   24.452374] [cloud-init[0;32m  OK  [0m[931]: ] ci-info: | enp0s3 | True | fe80::70:aeff:febe:ac28/64 |       .       |  link | 02:70:ae:be:ac:28 |Started ACPI Events Check.

[[0;32m  OK  [0m] Reached target Paths.
[[0;32m  OK  [0m] Listening on ACPID Listen Socket.
[   24.452695] cloud-init[931]: ci-info: +--------+------+----------------------------+---------------+-------+-------------------+
[   24.832498] [cloud-init[0;32m  OK  [0m[931]: ] ci-info: +++++++++++++++++++++++++++Route IPv4 info++++++++++++++++++++++++++++Started Daily apt activities.

[[0;32m  OK  [0m] Started Timer to automatically refresh installed snaps.
[   24.832814] cloud-init[931]: ci-info: +-------+-------------+----------+---------------+-----------+-------+
         Starting Socket activation for snappy daemon.
[[0;32m  OK  [0m] Started Daily Cleanup of Temporary Directories.
[[0;32m  OK  [0m] Reached target Timers.
[   24.885515] cloud-init[931]: ci-info: | Route | Destination | Gateway  |    Genmask    | Interface | Flags |
[   25.196440]          cloud-initStarting LXD - unix socket.[931]: 
ci-info: +-------+-------------+----------+---------------+-----------+-------+
[   25.288464] [cloud-init[0;32m  OK  [0m[931]: ] ci-info: |   0   |   0.0.0.0   | 10.0.2.2 |    0.0.0.0    |   enp0s3  |   UG  |Reached target Network is Online.

[   25.288779] cloud-init[931]: ci-info: |   1   |   10.0.2.0  | 0.0.0.0  | 255.255.255.0 |   enp0s3  |   U   |
[   25.409187] cloud-init[931]: ci-info: +-------+-------------+----------+---------------+-----------+-------+
         Starting iSCSI initiator daemon (iscsid)...
[   25.424907] cloud-init[931]: Generating public/private rsa key pair.
[   25.556448] [cloud-init[0;32m  OK  [0m[931]: ] Your identification has been saved in /etc/ssh/ssh_host_rsa_key.Listening on Socket activation for snappy daemon.

[[0;32m  OK  [0m] Listening on LXD - unix socket.
[   25.556761] cloud-init[931]: Your public key has been saved in /etc/ssh/ssh_host_rsa_key.pub.
[   25.713186] [cloud-init[0;32m  OK  [0m[931]: ] The key fingerprint is:Reached target Sockets.

[   25.713805] [[0;32m  OK  [0m] Reached target Basic System.
cloud-init         Starting LXD - container startup/shutdown...
[931]: SHA256:nI75BiRXRL3Isg3GTpTWxf/yxqIl2osS+6XkKnsCbqg root@ubuntu-xenial
[   25.740441] [cloud-init[0;32m  OK  [0m[931]: ] The key's randomart image is:Started Deferred execution scheduler.

[   25.740759] cloud-init[931]: +---[RSA 2048]----+
[   25.796810]          cloud-initStarting /etc/rc.local Compatibility...[931]: 
|       =o+.      |
[   25.848553]          cloud-initStarting Accounts Service...[931]: 
|      + o o      |
[   25.868450]          cloud-initStarting Apply the settings specified in cloud-config...[931]: 
|     + o . o     |
[   25.976486]          cloud-initStarting LSB: MD monitoring daemon...[931]: 
|    . O.o.. .    |
[   26.017302]          Starting System Logging Service...
cloud-init[931]: |     B =S    .   |
[   26.019432]          Starting LSB: Record successful boot for GRUB...
cloud-init[[0;32m  OK  [0m] Started D-Bus System Message Bus.
[931]: |  .   =+.   . .  |
[   26.028292] cloud-init[931]: | o .  o+o o .+   |
[   26.044977] cloud-init[931]: |. o o ++.* o. +  |
[   26.104403]          cloud-initStarting Pollinate to seed the pseudo random number generator...[931]: 
|E.  .=.=B +o o   |
[   26.117874] cloud-init[931]: +----[SHA256]-----+
[[0;32m  OK  [0m] Started ACPI event daemon.
[   26.133747] cloud-init[931]: Generating public/private dsa key pair.
[   26.183524] [cloud-init[0;32m  OK  [0m[931]: ] Your identification has been saved in /etc/ssh/ssh_host_dsa_key.Started Regular background program processing daemon.

[   26.183956] cloud-init[931]: Your public key has been saved in /etc/ssh/ssh_host_dsa_key.pub.
[   26.209423] cloud-init[931]: The key fingerprint is:
[   26.210437] cloud-init[931]: SHA256:weNfvpj1B/qsb534UiVY7tZcViI6myTkYR0vULfPMkw root@ubuntu-xenial
[   26.211689] cloud-init[931]: The key's randomart image is:
[   26.212737] cloud-init[931]: +---[DSA 1024]----+
[[0;32m  OK  [0m] Started FUSE filesystem for LXC.
[   26.231963] cloud-init[931]: |        .oo..    |
[   26.297956]          cloud-initStarting Login Service...[931]: 
|       .+..o..o .|
[   26.300053] [cloud-init[0;32m  OK  [0m[931]: ] |       ++...E= ..|Started Snappy daemon.

[   26.300405] cloud-init[931]: |       .oo++.oo +|
[   26.332246]          cloud-initStarting Auto import assertions from block devices...[931]: 
|        So +=.o=o|
[   26.361658] [[0;32m  OK  [0m] Started System Logging Service.
[[0;32m  OK  [0m] Started iSCSI initiator daemon (iscsid).
cloud-init[931]: |         .oo o+.o|
[   26.373574] [cloud-init[0;32m  OK  [0m[931]: ] |          . oooo.|Started LXD - container startup/shutdown.

[   26.373897] cloud-init[931]: [[0;32m  OK  [0m] Started /etc/rc.local Compatibility.
|           +.*..o|
[   26.398128] [[0;32m  OK  [0m] Started Auto import assertions from block devices.
cloud-init[931]: |          o o=Bo |
[   26.402202] cloud-init[931]: +----[SHA256]-----+
[   26.412214] cloud-init[931]: Generating public/private ecdsa key pair.
[   26.417267] cloud-init[931]: Your identification has been saved in /etc/ssh/ssh_host_ecdsa_key.
[   26.419843] cloud-init[931]: Your public key has been saved in /etc/ssh/ssh_host_ecdsa_key.pub.
         Starting Authenticate and Authorize Users to Run Privileged Tasks...
         Starting Login to default iSCSI targets...
[   26.441255] cloud-init[931]: The key fingerprint is:
[   26.453210] [[0;32m  OK  [0m] Started LSB: MD monitoring daemon.
cloud-init[[0;32m  OK  [0m] Started LSB: Record successful boot for GRUB.
[931]: SHA256:MnnJzTHxwwGmBs9ujwmwqkP4wdc4Y9UoZntAlTrho44 root@ubuntu-xenial
[   26.476999] [[0;32m  OK  [0m] Started Login Service.
cloud-init[931]: The key's randomart image is:
[[0;32m  OK  [0m] Started Authenticate and Authorize Users to Run Privileged Tasks.
[[0;32m  OK  [0m] Started Accounts Service.
[   26.493103] cloud-init[931]: +---[ECDSA 256]---+
[   26.535577] cloud-init[931]: |     .o.  +..    |
[   26.560545] cloud-init[931]: |    o .+ o + .   |
[   26.601063] cloud-init[931]: |   o.o o= o +    |
[[0;32m  OK  [0m] Started Login to default iSCSI targets.
[   26.660077] cloud-init[931]: |    Xoo=.+ o .   |
[   26.768635] cloud-init[931]: |.. +.X= S o      |
[   26.816652] cloud-init[931]: |..+.B o* +       |
[   26.880465] cloud-init[931]: |.+.+ +  o .      |
[[0;32m  OK  [0m] Reached target Remote File Systems (Pre).
[[0;32m  OK  [0m] Reached target Remote File Systems.
[   26.894822] cloud-init[931]: |E.o              |
[   26.996839] cloud-init[931]: |..               |
[   27.008608] cloud-init[931]: +----[SHA256]-----+
[   27.015020]          Starting LSB: daemon to balance interrupts for SMP systems...
cloud-init[931]: Generating public/private ed25519 key pair.
[   27.108739]          cloud-initStarting LSB: Set the CPU Frequency Scaling governor to "ondemand"...[931]: 
Your identification has been saved in /etc/ssh/ssh_host_ed25519_key.
[   27.276809]          cloud-initStarting LSB: VirtualBox Linux Additions...[931]: 
Your public key has been saved in /etc/ssh/ssh_host_ed25519_key.pub.
         Starting LSB: automatic crash report generation...
[   27.428374] cloud-init[931]: The key fingerprint is:
[   27.540778]          cloud-initStarting Permit User Sessions...[931]: 
SHA256:tbr4GGDHD9VfheVUeeMhvznh9oGom/Kkz0qymFpmffw root@ubuntu-xenial
[   27.696848] [cloud-init[0;32m  OK  [0m[931]: ] The key's randomart image is:Started Pollinate to seed the pseudo random number generator.

[   27.697081] cloud-init[931]: +--[ED25519 256]--+
[   27.782506] [cloud-init[0;32m  OK  [0m[931]: ] |               oB|Started Permit User Sessions.

[   27.840848] [cloud-init[0;32m  OK  [0m[931]: ] |         .   ..B.|Started LSB: Set the CPU Frequency Scaling governor to "ondemand".

[   27.841184] [cloud-init[0;32m  OK  [0m[931]: ] |        . o   = =|Started LSB: daemon to balance interrupts for SMP systems.

[   27.888294] [cloud-init[0;32m  OK  [0m[931]: ] |     . . . o . + |Started LSB: VirtualBox Linux Additions.

[   27.924374] cloud-init[931]: |    o + S . o o +|
[   27.984810] cloud-init[931]: |   ..o.o . . . B |
         Starting Terminate Plymouth Boot Screen...
[   28.033347] cloud-init[931]: |   + o.+o..   . +|
[   28.132413] cloud-init[931]: |  + o ===o.     .|
[   28.188589] cloud-init[931]: | ..o .o+BE.      |
         Starting Hold until boot process finishes up...
[[0;32m  OK  [0m] Stopped OpenBSD Secure Shell server.
[   28.247159] cloud-init[931]: +----[SHA256]-----+
         Starting OpenBSD Secure Shell server...
[   28.366576] cloud-init[1045]: Generating locales (this might take a while)...
[[0;32m  OK  [0m] Started OpenBSD Secure Shell server.
[   28.430644] cloud-init[1045]:   en_US.UTF-8... done
[[0;32m  OK  [0m] Started LSB: automatic crash report generation.
[   28.454349] cloud-init[1045]: Generation complete.
[[0;32m  OK  [0m] Started Terminate Plymouth Boot Screen.
[[0;32m  OK  [0m] Started Hold until boot process finishes up.
[[0;32m  OK  [0m] Created slice User Slice of ubuntu.
         Starting User Manager for UID 1000...
[[0;32m  OK  [0m] Started Session 1 of user ubuntu.
[[0;32m  OK  [0m] Started Serial Getty on ttyS0.
[[0;32m  OK  [0m] Started Getty on tty1.
[[0;32m  OK  [0m] Reached target Login Prompts.
         Starting Set console scheme...
[[0;32m  OK  [0m] Reached target Multi-User System.
[[0;32m  OK  [0m] Reached target Graphical Interface.
         Starting Update UTMP about System Runlevel Changes...
[[0;32m  OK  [0m] Started User Manager for UID 1000.
[[0;32m  OK  [0m] Started Set console scheme.
[[0;32m  OK  [0m] Started Update UTMP about System Runlevel Changes.
[   28.891770] [cloud-init[0;32m  OK  [0m[1045]: ] Cloud-init v. 0.7.9 running 'modules:config' at Sun, 07 May 2017 17:57:29 +0000. Up 26.09 seconds.Started Apply the settings specified in cloud-config.

         Starting Execute cloud user/final scripts...
ci-info: no authorized ssh keys fingerprints found for user ubuntu.
<14>May  7 17:57:32 ec2: 
<14>May  7 17:57:32 ec2: #############################################################
<14>May  7 17:57:32 ec2: -----BEGIN SSH HOST KEY FINGERPRINTS-----
<14>May  7 17:57:32 ec2: 1024 SHA256:weNfvpj1B/qsb534UiVY7tZcViI6myTkYR0vULfPMkw root@ubuntu-xenial (DSA)
<14>May  7 17:57:32 ec2: 256 SHA256:MnnJzTHxwwGmBs9ujwmwqkP4wdc4Y9UoZntAlTrho44 root@ubuntu-xenial (ECDSA)
<14>May  7 17:57:32 ec2: 256 SHA256:tbr4GGDHD9VfheVUeeMhvznh9oGom/Kkz0qymFpmffw root@ubuntu-xenial (ED25519)
<14>May  7 17:57:32 ec2: 2048 SHA256:nI75BiRXRL3Isg3GTpTWxf/yxqIl2osS+6XkKnsCbqg root@ubuntu-xenial (RSA)
<14>May  7 17:57:32 ec2: -----END SSH HOST KEY FINGERPRINTS-----
<14>May  7 17:57:32 ec2: #############################################################
-----BEGIN SSH HOST KEY KEYS-----
ecdsa-sha2-nistp256 AAAAE2VjZHNhLXNoYTItbmlzdHAyNTYAAAAIbmlzdHAyNTYAAABBBGD+729m77TVZ4dzPYCMmkZsMV2uYAP8YLGO4qpY+dD4mmWfhy7SqNf8gBzMrziUXxj/1Kj21i9atm/dy03Ir1c= root@ubuntu-xenial
ssh-ed25519 AAAAC3NzaC1lZDI1NTE5AAAAIP5shgJMuoZRoAj+sHbp0S/iCUE7pVCqoRdGGv6kE2lR root@ubuntu-xenial
ssh-rsa AAAAB3NzaC1yc2EAAAADAQABAAABAQCuRbtF1+SFfg5xYas8BA1eQzEtYq8/9xoEV4hw66Uipl6kUha1DUMKSVNh+u1RA33jK1oQXMoc5HWUOaj/JYYZS60BWYs50apwSmofubI2q347yD5JQxAh6nGFcP4HLYNcpRfHa+KAyMMOMdujZ+gYYvTbAt2qeYhfuSJLKFZXNTp/5vINp2bavDFEv/TDS7xBHi4NDfF7efMoF90Cx5ut1ag1eAeuHeO3eODCJZ9vU/Nm5BvvnP4FoRcROsgFIjTeoBnX1DKhLrYy2fjpKteVZQ3S8xN884rWSij690T7kM2CJQV8BqtG7t+sXn+5msp0k5Im2Sc53QNNNGCGLiTZ root@ubuntu-xenial
-----END SSH HOST KEY KEYS-----
[   29.395716] cloud-init[1303]: Cloud-init v. 0.7.9 running 'modules:final' at Sun, 07 May 2017 17:57:32 +0000. Up 29.18 seconds.
[   29.416410] cloud-init[1303]: ci-info: no authorized ssh keys fingerprints found for user ubuntu.
[   29.432794] cloud-init[1303]: Cloud-init v. 0.7.9 finished at Sun, 07 May 2017 17:57:32 +0000. Datasource DataSourceNoCloud [seed=/dev/sdb][dsmode=net].  Up 29.39 seconds
[[0;32m  OK  [0m] Started Execute cloud user/final scripts.
[[0;32m  OK  [0m] Reached target Cloud-init target.

Ubuntu 16.04.2 LTS ubuntu-xenial ttyS0

ubuntu-xenial login: 